Mplus VERSION 8.6 (Mac)
MUTHEN & MUTHEN
04/05/2021   1:17 PM

INPUT INSTRUCTIONS

  title:
  Example Mplus Input File Used to Analyze Analytic
  Sample Datasets Using the Doubly Latent Model

  data:
  type = montecarlo;
  file = part2_replist.txt; !name of textfile containing names of
                            !each analytic sample dataset, sampled
                            !according to SR=0.20
  variable:
  names = x1-x4 schid;
  cluster = schid;

  model:
  %within%
  x1-x4*22.8;
  Factor_w BY x1*1(1) !Constrain factor loadings to be invariant across levels
  x2*1(2)
  x3*1(3)
  x4*1(4);
  Factor_w@1; ! L1 factor variance constrained for identification


  %between%
  x1-x4*1.2;
  Factor_b BY x1*1(1) !Cross-level invariance
  x2*1(2)
  x3*1(3)
  x4*1(4);

  Factor_b*1; ! L2 factor variance freely estimated

  analysis:
  type = twolevel;
  estimator = mlr;



INPUT READING TERMINATED NORMALLY




Example Mplus Input File Used to Analyze Analytic
Sample Datasets Using the Doubly Latent Model

SUMMARY OF ANALYSIS

Number of groups                                                 1
Average number of observations                                2000

Number of replications
    Requested                                                   10
    Completed                                                   10

Number of dependent variables                                    4
Number of independent variables                                  0
Number of continuous latent variables                            2

Observed dependent variables

  Continuous
   X1          X2          X3          X4

Continuous latent variables
   FACTOR_W    FACTOR_B

Variables with special functions

  Cluster variable      SCHID

Estimator                                                      MLR
Information matrix                                        OBSERVED
Maximum number of iterations                                   100
Convergence criterion                                    0.100D-05
Maximum number of EM iterations                                500
Convergence criteria for the EM algorithm
  Loglikelihood change                                   0.100D-02
  Relative loglikelihood change                          0.100D-05
  Derivative                                             0.100D-03
Minimum variance                                         0.100D-03
Maximum number of steepest descent iterations                   20
Maximum number of iterations for H1                           2000
Convergence criterion for H1                             0.100D-03
Optimization algorithm                                         EMA

Input data file(s)
  Multiple data files from
    part2_replist.txt
Input data format  FREE


SUMMARY OF DATA FOR THE FIRST REPLICATION

     Number of clusters                        100

     Average cluster size       20.000

     Estimated Intraclass Correlations for the Y Variables

                Intraclass              Intraclass              Intraclass
     Variable  Correlation   Variable  Correlation   Variable  Correlation

     X1           0.068      X2           0.058      X3           0.080
     X4           0.085



SAMPLE STATISTICS

NOTE:  The sample statistics for within and between refer to the
       maximum-likelihood estimated within and between covariance
       matrices, respectively.

NOTE:  These are average results over 10 data sets.


     ESTIMATED SAMPLE STATISTICS FOR WITHIN


           Means
              X1            X2            X3            X4
              ________      ________      ________      ________
                0.000         0.000         0.000         0.000


           Covariances
              X1            X2            X3            X4
              ________      ________      ________      ________
 X1            23.821
 X2             0.729        23.989
 X3             0.980         0.726        23.639
 X4             1.044         1.207         0.949        23.584


           Correlations
              X1            X2            X3            X4
              ________      ________      ________      ________
 X1             1.000
 X2             0.031         1.000
 X3             0.041         0.031         1.000
 X4             0.044         0.051         0.040         1.000


     ESTIMATED SAMPLE STATISTICS FOR BETWEEN


           Means
              X1            X2            X3            X4
              ________      ________      ________      ________
                0.048         0.003         0.047        -0.042


           Covariances
              X1            X2            X3            X4
              ________      ________      ________      ________
 X1             2.174
 X2             1.155         2.139
 X3             0.840         0.913         2.146
 X4             0.923         0.943         0.998         2.179


           Correlations
              X1            X2            X3            X4
              ________      ________      ________      ________
 X1             1.000
 X2             0.536         1.000
 X3             0.389         0.426         1.000
 X4             0.424         0.437         0.461         1.000




MODEL FIT INFORMATION

Number of Free Parameters                       17

Loglikelihood

    H0 Value

        Mean                            -24193.831
        Std Dev                             43.763
        Number of successful computations       10

             Proportions                   Percentiles
        Expected    Observed         Expected       Observed
           0.990       1.000       -24295.638     -24268.356
           0.980       1.000       -24283.708     -24268.356
           0.950       0.900       -24265.818     -24268.356
           0.900       0.900       -24249.919     -24268.356
           0.800       0.800       -24230.663     -24268.356
           0.700       0.700       -24216.781     -24226.822
           0.500       0.500       -24193.831     -24196.716
           0.300       0.300       -24170.882     -24171.007
           0.200       0.200       -24157.000     -24162.927
           0.100       0.100       -24137.744     -24137.943
           0.050       0.000       -24121.845     -24137.943
           0.020       0.000       -24103.955     -24137.943
           0.010       0.000       -24092.025     -24137.943

    H1 Value

        Mean                            -24190.421
        Std Dev                             43.480
        Number of successful computations       10

             Proportions                   Percentiles
        Expected    Observed         Expected       Observed
           0.990       1.000       -24291.568     -24264.696
           0.980       1.000       -24279.715     -24264.696
           0.950       0.900       -24261.941     -24264.696
           0.900       0.800       -24246.145     -24264.696
           0.800       0.800       -24227.014     -24264.696
           0.700       0.700       -24213.222     -24222.724
           0.500       0.600       -24190.421     -24189.510
           0.300       0.400       -24167.621     -24167.238
           0.200       0.200       -24153.829     -24159.596
           0.100       0.100       -24134.698     -24135.798
           0.050       0.000       -24118.902     -24135.798
           0.020       0.000       -24101.127     -24135.798
           0.010       0.000       -24089.275     -24135.798

Information Criteria

    Akaike (AIC)

        Mean                             48421.663
        Std Dev                             87.527
        Number of successful computations       10

             Proportions                   Percentiles
        Expected    Observed         Expected       Observed
           0.990       1.000        48218.049      48284.791
           0.980       1.000        48241.909      48284.791
           0.950       1.000        48277.690      48284.791
           0.900       0.900        48309.489      48284.791
           0.800       0.800        48348.000      48284.791
           0.700       0.700        48375.764      48359.853
           0.500       0.500        48421.663      48416.931
           0.300       0.300        48467.562      48452.652
           0.200       0.200        48495.325      48487.644
           0.100       0.100        48533.837      48530.713
           0.050       0.100        48565.636      48530.713
           0.020       0.000        48601.417      48530.713
           0.010       0.000        48625.276      48530.713

    Bayesian (BIC)

        Mean                             48516.878
        Std Dev                             87.527
        Number of successful computations       10

             Proportions                   Percentiles
        Expected    Observed         Expected       Observed
           0.990       1.000        48313.265      48380.006
           0.980       1.000        48337.124      48380.006
           0.950       1.000        48372.905      48380.006
           0.900       0.900        48404.704      48380.006
           0.800       0.800        48443.216      48380.006
           0.700       0.700        48470.979      48455.069
           0.500       0.500        48516.878      48512.146
           0.300       0.300        48562.777      48547.867
           0.200       0.200        48590.541      48582.859
           0.100       0.100        48629.053      48625.929
           0.050       0.100        48660.851      48625.929
           0.020       0.000        48696.632      48625.929
           0.010       0.000        48720.492      48625.929

    Sample-Size Adjusted BIC (n* = (n + 2) / 24)

        Mean                             48462.868
        Std Dev                             87.527
        Number of successful computations       10

             Proportions                   Percentiles
        Expected    Observed         Expected       Observed
           0.990       1.000        48259.255      48325.996
           0.980       1.000        48283.115      48325.996
           0.950       1.000        48318.895      48325.996
           0.900       0.900        48350.694      48325.996
           0.800       0.800        48389.206      48325.996
           0.700       0.700        48416.969      48401.059
           0.500       0.500        48462.868      48458.136
           0.300       0.300        48508.767      48493.857
           0.200       0.200        48536.531      48528.849
           0.100       0.100        48575.043      48571.919
           0.050       0.100        48606.841      48571.919
           0.020       0.000        48642.622      48571.919
           0.010       0.000        48666.482      48571.919

Chi-Square Test of Model Fit

        Degrees of freedom                       7

        Mean                                 7.366
        Std Dev                              3.004
        Number of successful computations       10

             Proportions                   Percentiles
        Expected    Observed         Expected       Observed
           0.990       1.000            1.239          3.885
           0.980       1.000            1.564          3.885
           0.950       1.000            2.167          3.885
           0.900       1.000            2.833          3.885
           0.800       1.000            3.822          3.885
           0.700       0.700            4.671          4.235
           0.500       0.600            6.346          7.583
           0.300       0.200            8.383          8.125
           0.200       0.100            9.803          8.327
           0.100       0.100           12.017          8.896
           0.050       0.100           14.067          8.896
           0.020       0.000           16.622          8.896
           0.010       0.000           18.475          8.896

RMSEA (Root Mean Square Error Of Approximation)

        Mean                                 0.007
        Std Dev                              0.007
        Number of successful computations       10

        Cumulative Distribution Function
           Value    Function Value
           0.990       1.000
           0.980       1.000
           0.950       1.000
           0.900       1.000
           0.800       1.000
           0.700       1.000
           0.500       1.000
           0.300       1.000
           0.200       1.000
           0.100       1.000
           0.050       1.000
           0.020       0.900
           0.010       0.800

CFI/TLI

    CFI

        Mean                                 0.976
        Std Dev                              0.036
        Number of successful computations       10

        Cumulative Distribution Function
           Value    Function Value
           0.990       0.600
           0.980       0.300
           0.950       0.100
           0.900       0.100
           0.800       0.000
           0.700       0.000
           0.500       0.000
           0.300       0.000
           0.200       0.000
           0.100       0.000
           0.050       0.000
           0.020       0.000
           0.010       0.000

    TLI

        Mean                                 0.991
        Std Dev                              0.094
        Number of successful computations       10

        Cumulative Distribution Function
           Value    Function Value
           0.990       0.600
           0.980       0.600
           0.950       0.200
           0.900       0.100
           0.800       0.100
           0.700       0.000
           0.500       0.000
           0.300       0.000
           0.200       0.000
           0.100       0.000
           0.050       0.000
           0.020       0.000
           0.010       0.000

SRMR (Standardized Root Mean Square Residual) for the WITHIN level

        Mean                                 0.014
        Std Dev                              0.004
        Number of successful computations       10

        Cumulative Distribution Function
           Value    Function Value
           0.990       1.000
           0.980       1.000
           0.950       1.000
           0.900       1.000
           0.800       1.000
           0.700       1.000
           0.500       1.000
           0.300       1.000
           0.200       1.000
           0.100       1.000
           0.050       1.000
           0.020       0.900
           0.010       0.300

SRMR (Standardized Root Mean Square Residual) for the BETWEEN level

        Mean                                 0.060
        Std Dev                              0.019
        Number of successful computations       10

        Cumulative Distribution Function
           Value    Function Value
           0.990       1.000
           0.980       1.000
           0.950       1.000
           0.900       1.000
           0.800       1.000
           0.700       1.000
           0.500       1.000
           0.300       1.000
           0.200       1.000
           0.100       1.000
           0.050       0.300
           0.020       0.000
           0.010       0.000



MODEL RESULTS

                              ESTIMATES              S. E.     M. S. E.  95%  % Sig
                 Population   Average   Std. Dev.   Average             Cover Coeff

Within Level

 FACTOR_W BY
  X1                  1.000     0.9671     0.2255     0.2355     0.0468 1.000 1.000
  X2                  1.000     0.9917     0.2958     0.2405     0.0788 1.000 1.000
  X3                  1.000     0.9082     0.1354     0.1969     0.0249 1.000 1.000
  X4                  1.000     1.0751     0.1934     0.2441     0.0393 1.000 1.000

 Variances
  FACTOR_W            1.000     1.0000     0.0000     0.0000     0.0000 1.000 0.000

 Residual Variances
  X1                 22.800    22.8481     0.6392     0.8876     0.3701 1.000 1.000
  X2                 22.800    22.9387     0.8673     0.9238     0.6963 1.000 1.000
  X3                 22.800    22.8018     0.7054     0.8225     0.4479 1.000 1.000
  X4                 22.800    22.3752     0.8382     0.9195     0.8128 1.000 1.000

Between Level

 FACTOR_B BY
  X1                  1.000     0.9671     0.2255     0.2355     0.0468 1.000 1.000
  X2                  1.000     0.9917     0.2958     0.2405     0.0788 1.000 1.000
  X3                  1.000     0.9082     0.1354     0.1969     0.0249 1.000 1.000
  X4                  1.000     1.0751     0.1934     0.2441     0.0393 1.000 1.000

 Intercepts
  X1                  0.031     0.0471     0.0789     0.1830     0.0059 1.000 0.000
  X2                 -0.387     0.0028     0.2120     0.1817     0.1923 0.400 0.100
  X3                  0.097     0.0470     0.1864     0.1820     0.0338 0.900 0.000
  X4                 -0.216    -0.0424     0.2015     0.1828     0.0667 0.800 0.000

 Variances
  FACTOR_B            1.000     0.9796     0.3551     0.3666     0.1139 1.000 1.000

 Residual Variances
  X1                  1.200     1.2274     0.4878     0.4462     0.2149 1.000 0.800
  X2                  1.200     1.0015     0.5437     0.4393     0.3055 0.800 0.700
  X3                  1.200     1.2913     0.3816     0.4304     0.1394 1.000 0.800
  X4                  1.200     1.1531     0.5393     0.4716     0.2640 1.000 0.600


QUALITY OF NUMERICAL RESULTS

     Average Condition Number for the Information Matrix      0.555E-02
       (ratio of smallest to largest eigenvalue)


TECHNICAL 1 OUTPUT


     PARAMETER SPECIFICATION FOR WITHIN


           NU
              X1            X2            X3            X4
              ________      ________      ________      ________
                    0             0             0             0


           LAMBDA
              FACTOR_W
              ________
 X1                 1
 X2                 2
 X3                 3
 X4                 4


           THETA
              X1            X2            X3            X4
              ________      ________      ________      ________
 X1                 5
 X2                 0             6
 X3                 0             0             7
 X4                 0             0             0             8


           ALPHA
              FACTOR_W
              ________
                    0


           BETA
              FACTOR_W
              ________
 FACTOR_W           0


           PSI
              FACTOR_W
              ________
 FACTOR_W           0


     PARAMETER SPECIFICATION FOR BETWEEN


           NU
              X1            X2            X3            X4
              ________      ________      ________      ________
                    9            10            11            12


           LAMBDA
              FACTOR_B
              ________
 X1                 1
 X2                 2
 X3                 3
 X4                 4


           THETA
              X1            X2            X3            X4
              ________      ________      ________      ________
 X1                13
 X2                 0            14
 X3                 0             0            15
 X4                 0             0             0            16


           ALPHA
              FACTOR_B
              ________
                    0


           BETA
              FACTOR_B
              ________
 FACTOR_B           0


           PSI
              FACTOR_B
              ________
 FACTOR_B          17


     STARTING VALUES FOR WITHIN


           NU
              X1            X2            X3            X4
              ________      ________      ________      ________
                0.000         0.000         0.000         0.000


           LAMBDA
              FACTOR_W
              ________
 X1             1.000
 X2             1.000
 X3             1.000
 X4             1.000


           THETA
              X1            X2            X3            X4
              ________      ________      ________      ________
 X1            22.800
 X2             0.000        22.800
 X3             0.000         0.000        22.800
 X4             0.000         0.000         0.000        22.800


           ALPHA
              FACTOR_W
              ________
                0.000


           BETA
              FACTOR_W
              ________
 FACTOR_W       0.000


           PSI
              FACTOR_W
              ________
 FACTOR_W       1.000


     STARTING VALUES FOR BETWEEN


           NU
              X1            X2            X3            X4
              ________      ________      ________      ________
                0.031        -0.387         0.097        -0.216


           LAMBDA
              FACTOR_B
              ________
 X1             1.000
 X2             1.000
 X3             1.000
 X4             1.000


           THETA
              X1            X2            X3            X4
              ________      ________      ________      ________
 X1             1.200
 X2             0.000         1.200
 X3             0.000         0.000         1.200
 X4             0.000         0.000         0.000         1.200


           ALPHA
              FACTOR_B
              ________
                0.000


           BETA
              FACTOR_B
              ________
 FACTOR_B       0.000


           PSI
              FACTOR_B
              ________
 FACTOR_B       1.000


     Beginning Time:  13:17:32
        Ending Time:  13:17:32
       Elapsed Time:  00:00:00



MUTHEN & MUTHEN
3463 Stoner Ave.
Los Angeles, CA  90066

Tel: (310) 391-9971
Fax: (310) 391-8971
Web: www.StatModel.com
Support: Support@StatModel.com

Copyright (c) 1998-2021 Muthen & Muthen
