Mplus VERSION 8.6 (Mac)
MUTHEN & MUTHEN
04/05/2021  12:31 PM

INPUT INSTRUCTIONS

  data:
  file = data.csv;

  variable:
  names = student_ID school_ID enrollment
  read math science l1_sample_size sampling_ratio;

  usevariables = read math science;

  cluster = school_ID;

  analysis:
  type = twolevel;
  estimator = mlr;

  model:
  %within%
  Factor_w BY read*(1)
  math(2)
  science(3);

  read math science;

  Factor_w@1;

  %between%
  Factor_b BY read*(1)
  math(2)
  science(3);

  read math science;

  Factor_b;



INPUT READING TERMINATED NORMALLY




SUMMARY OF ANALYSIS

Number of groups                                                 1
Number of observations                                       10447

Number of dependent variables                                    3
Number of independent variables                                  0
Number of continuous latent variables                            2

Observed dependent variables

  Continuous
   READ        MATH        SCIENCE

Continuous latent variables
   FACTOR_W    FACTOR_B

Variables with special functions

  Cluster variable      SCHOOL_I

Estimator                                                      MLR
Information matrix                                        OBSERVED
Maximum number of iterations                                   100
Convergence criterion                                    0.100D-05
Maximum number of EM iterations                                500
Convergence criteria for the EM algorithm
  Loglikelihood change                                   0.100D-02
  Relative loglikelihood change                          0.100D-05
  Derivative                                             0.100D-03
Minimum variance                                         0.100D-03
Maximum number of steepest descent iterations                   20
Maximum number of iterations for H1                           2000
Convergence criterion for H1                             0.100D-03
Optimization algorithm                                         EMA

Input data file(s)
  data.csv
Input data format  FREE


SUMMARY OF DATA

     Number of clusters                       2103

     Average cluster size        4.968

     Estimated Intraclass Correlations for the Y Variables

                Intraclass              Intraclass              Intraclass
     Variable  Correlation   Variable  Correlation   Variable  Correlation

     READ         0.279      MATH         0.258      SCIENCE      0.346




UNIVARIATE SAMPLE STATISTICS


     UNIVARIATE HIGHER-ORDER MOMENT DESCRIPTIVE STATISTICS

         Variable/         Mean/     Skewness/   Minimum/ % with                Percentiles
        Sample Size      Variance    Kurtosis    Maximum  Min/Max      20%/60%    40%/80%    Median

     READ                 51.050      -0.401      14.564    0.01%      43.969     49.510     51.393
           10447.000      93.226       0.463      84.398    0.01%      53.881     59.048
     MATH                 51.136      -0.150      15.880    0.01%      42.730     48.899     51.870
           10447.000      92.398      -0.175      84.398    0.03%      53.815     59.267
     SCIENCE              50.959      -0.195      19.197    0.01%      42.884     48.762     51.325
           10447.000      96.336      -0.136      81.458    0.01%      53.992     59.136


THE MODEL ESTIMATION TERMINATED NORMALLY



MODEL FIT INFORMATION

Number of Free Parameters                       13

Loglikelihood

          H0 Value                     -105364.843
          H0 Scaling Correction Factor      1.1327
            for MLR
          H1 Value                     -105341.317
          H1 Scaling Correction Factor      1.1252
            for MLR

Information Criteria

          Akaike (AIC)                  210755.686
          Bayesian (BIC)                210849.989
          Sample-Size Adjusted BIC      210808.676
            (n* = (n + 2) / 24)

Chi-Square Test of Model Fit

          Value                             43.692*
          Degrees of Freedom                     2
          P-Value                           0.0000
          Scaling Correction Factor         1.0769
            for MLR

*   The chi-square value for MLM, MLMV, MLR, ULSMV, WLSM and WLSMV cannot be used
    for chi-square difference testing in the regular way.  MLM, MLR and WLSM
    chi-square difference testing is described on the Mplus website.  MLMV, WLSMV,
    and ULSMV difference testing is done using the DIFFTEST option.

RMSEA (Root Mean Square Error Of Approximation)

          Estimate                           0.045

CFI/TLI

          CFI                                0.997
          TLI                                0.991

Chi-Square Test of Model Fit for the Baseline Model

          Value                          13499.433
          Degrees of Freedom                     6
          P-Value                           0.0000

SRMR (Standardized Root Mean Square Residual)

          Value for Within                   0.015
          Value for Between                  0.068



MODEL RESULTS

                                                    Two-Tailed
                    Estimate       S.E.  Est./S.E.    P-Value

Within Level

 FACTOR_W BY
    READ               6.828      0.083     82.369      0.000
    MATH               6.626      0.083     79.991      0.000
    SCIENCE            6.684      0.076     87.686      0.000

 Variances
    FACTOR_W           1.000      0.000    999.000    999.000

 Residual Variances
    READ              22.010      0.618     35.619      0.000
    MATH              24.375      0.564     43.246      0.000
    SCIENCE           21.913      0.564     38.875      0.000

Between Level

 FACTOR_B BY
    READ               6.828      0.083     82.369      0.000
    MATH               6.626      0.083     79.991      0.000
    SCIENCE            6.684      0.076     87.686      0.000

 Intercepts
    READ              50.301      0.161    313.029      0.000
    MATH              50.455      0.157    322.122      0.000
    SCIENCE           50.048      0.174    288.390      0.000

 Variances
    FACTOR_B           0.564      0.037     15.334      0.000

 Residual Variances
    READ               0.416      0.308      1.350      0.177
    MATH               2.682      0.395      6.784      0.000
    SCIENCE            4.779      0.425     11.243      0.000


QUALITY OF NUMERICAL RESULTS

     Condition Number for the Information Matrix              0.439E-04
       (ratio of smallest to largest eigenvalue)


     Beginning Time:  12:31:34
        Ending Time:  12:31:36
       Elapsed Time:  00:00:02



MUTHEN & MUTHEN
3463 Stoner Ave.
Los Angeles, CA  90066

Tel: (310) 391-9971
Fax: (310) 391-8971
Web: www.StatModel.com
Support: Support@StatModel.com

Copyright (c) 1998-2021 Muthen & Muthen
